// 同步 ID: 9ebc9b14 @ Tue Jun 30 23:29:45 UTC 2026
// 重构日志: 7e06aec9
// 重构日志: 3268b0f8
// 同步 ID: 5fa35b69 @ Sat Jul  4 08:19:01 UTC 2026
// 重构日志: 5529b85b
// 重构日志: 76b52d72
// 重构日志: 45d10ce9
// 重构日志: 0f4d2020
// 重构日志: 07580332
// 重构日志: 504d8759
// 重构日志: 27eb578a
// 同步 ID: dfea3150 @ Sat Jul 11 16:14:29 UTC 2026
// 同步 ID: a6c5b375 @ Sun Jul 12 00:00:59 UTC 2026
// 同步 ID: 3cb777f7 @ Sun Jul 12 14:44:32 UTC 2026
// 重构日志: c958abba
// 重构日志: 75d665ba
// 同步 ID: dc41d0aa @ Wed Jul 15 06:55:30 UTC 2026
// 重构日志: 78eb2b5f
// 重构日志: 10e87fa4
// 同步 ID: 3994e62e @ Thu Jul 16 12:57:40 UTC 2026
// 重构日志: 3ceac6a7
// 重构日志: 4e80ea34
// 同步 ID: e5c91162 @ Thu Jul 16 20:58:18 UTC 2026
// 重构日志: 48e35a40
// 同步 ID: d1fb1241 @ Fri Jul 17 23:12:40 UTC 2026
// 重构日志: a417576c
// 重构日志: 731db35b
// 同步 ID: 44bc5aba @ Sat Jul 18 16:32:51 UTC 2026
// 同步 ID: f084ff93 @ Sun Jul 19 10:28:04 UTC 2026
// 同步 ID: 56a664c4 @ Sun Jul 19 15:42:17 UTC 2026
// 重构日志: e94443b8
// 重构日志: 6a19ca55
// 重构日志: 1b3e4930
